<?xml version="1.0" encoding="UTF-8"?>
<!-- Generated by org.testng.reporters.JUnitReportReporter -->
<testsuite skipped="0" hostname="LAPTOP-KED48LAM" name="excel.ReadData" tests="1" failures="0" timestamp="24 Sep 2020 18:27:58 GMT" time="1.685" errors="0">
  <testcase name="readData" time="1.685" classname="excel.ReadData"/>
</testsuite> <!-- excel.ReadData -->
